[debug] [2025-11-04T14:03:34.913Z] > command requires scopes: ["email","openid","https://www.googleapis.com/auth/cloudplatformprojects.readonly","https://www.googleapis.com/auth/firebase","https://www.googleapis.com/auth/cloud-platform"]
[debug] [2025-11-04T14:03:34.929Z] > command requires scopes: ["email","openid","https://www.googleapis.com/auth/cloudplatformprojects.readonly","https://www.googleapis.com/auth/firebase","https://www.googleapis.com/auth/cloud-platform"]
[debug] [2025-11-04T14:03:34.976Z] > command requires scopes: ["email","openid","https://www.googleapis.com/auth/cloudplatformprojects.readonly","https://www.googleapis.com/auth/firebase","https://www.googleapis.com/auth/cloud-platform"]
[debug] [2025-11-04T14:03:34.976Z] > command requires scopes: ["email","openid","https://www.googleapis.com/auth/cloudplatformprojects.readonly","https://www.googleapis.com/auth/firebase","https://www.googleapis.com/auth/cloud-platform"]
[debug] [2025-11-04T14:03:34.978Z] > command requires scopes: ["email","openid","https://www.googleapis.com/auth/cloudplatformprojects.readonly","https://www.googleapis.com/auth/firebase","https://www.googleapis.com/auth/cloud-platform"]
[debug] [2025-11-04T14:03:34.979Z] > command requires scopes: ["email","openid","https://www.googleapis.com/auth/cloudplatformprojects.readonly","https://www.googleapis.com/auth/firebase","https://www.googleapis.com/auth/cloud-platform"]
[debug] [2025-11-04T14:08:21.569Z] > command requires scopes: ["email","openid","https://www.googleapis.com/auth/cloudplatformprojects.readonly","https://www.googleapis.com/auth/firebase","https://www.googleapis.com/auth/cloud-platform"]
[debug] [2025-11-04T14:08:21.571Z] > command requires scopes: ["email","openid","https://www.googleapis.com/auth/cloudplatformprojects.readonly","https://www.googleapis.com/auth/firebase","https://www.googleapis.com/auth/cloud-platform"]
[debug] [2025-11-04T14:08:39.113Z] > command requires scopes: ["email","openid","https://www.googleapis.com/auth/cloudplatformprojects.readonly","https://www.googleapis.com/auth/firebase","https://www.googleapis.com/auth/cloud-platform"]
[debug] [2025-11-04T14:08:39.114Z] > command requires scopes: ["email","openid","https://www.googleapis.com/auth/cloudplatformprojects.readonly","https://www.googleapis.com/auth/firebase","https://www.googleapis.com/auth/cloud-platform"]
[debug] [2025-11-04T14:08:39.119Z] >>> [apiv2][query] POST https://auth.firebase.tools/attest [none]
[debug] [2025-11-04T14:08:39.120Z] >>> [apiv2][body] POST https://auth.firebase.tools/attest {"session_id":"1868d7f6-d85e-4ff7-b7e1-c75ce193d488"}
[debug] [2025-11-04T14:08:39.632Z] <<< [apiv2][status] POST https://auth.firebase.tools/attest 200
[debug] [2025-11-04T14:08:39.632Z] <<< [apiv2][body] POST https://auth.firebase.tools/attest {"token":"kXDSA3HcRc_oSwsiUMzlmql7ZivVH4y9z3-63ftSMHc"}
[debug] [2025-11-04T14:10:22.149Z] > command requires scopes: ["email","openid","https://www.googleapis.com/auth/cloudplatformprojects.readonly","https://www.googleapis.com/auth/firebase","https://www.googleapis.com/auth/cloud-platform"]
[debug] [2025-11-04T14:10:22.151Z] > command requires scopes: ["email","openid","https://www.googleapis.com/auth/cloudplatformprojects.readonly","https://www.googleapis.com/auth/firebase","https://www.googleapis.com/auth/cloud-platform"]
[debug] [2025-11-04T14:10:22.152Z] >>> [apiv2][query] POST https://accounts.google.com/o/oauth2/token [none]
[debug] [2025-11-04T14:10:22.152Z] >>> [apiv2][body] POST https://accounts.google.com/o/oauth2/token [omitted]
[debug] [2025-11-04T14:10:22.278Z] <<< [apiv2][status] POST https://accounts.google.com/o/oauth2/token 200
[debug] [2025-11-04T14:10:22.278Z] <<< [apiv2][body] POST https://accounts.google.com/o/oauth2/token [omitted]
[debug] [2025-11-04T14:10:24.825Z] > command requires scopes: ["email","openid","https://www.googleapis.com/auth/cloudplatformprojects.readonly","https://www.googleapis.com/auth/firebase","https://www.googleapis.com/auth/cloud-platform"]
[debug] [2025-11-04T14:10:24.825Z] > authorizing via signed-in user (kent900919@gmail.com)
[debug] [2025-11-04T14:10:24.826Z] > command requires scopes: ["email","openid","https://www.googleapis.com/auth/cloudplatformprojects.readonly","https://www.googleapis.com/auth/firebase","https://www.googleapis.com/auth/cloud-platform"]
[debug] [2025-11-04T14:10:24.826Z] > authorizing via signed-in user (kent900919@gmail.com)
[debug] [2025-11-04T14:10:24.827Z] Checked if tokens are valid: true, expires at: 1762269021278
[debug] [2025-11-04T14:10:24.827Z] Checked if tokens are valid: true, expires at: 1762269021278
[debug] [2025-11-04T14:10:24.827Z] >>> [apiv2][query] GET https://serviceusage.googleapis.com/v1/projects/community-notification-system/services/cloudresourcemanager.googleapis.com [none]
[debug] [2025-11-04T14:10:24.827Z] >>> [apiv2][(partial)header] GET https://serviceusage.googleapis.com/v1/projects/community-notification-system/services/cloudresourcemanager.googleapis.com x-goog-quota-user=projects/community-notification-system
[debug] [2025-11-04T14:10:26.238Z] <<< [apiv2][status] GET https://serviceusage.googleapis.com/v1/projects/community-notification-system/services/cloudresourcemanager.googleapis.com 403
[debug] [2025-11-04T14:10:26.238Z] <<< [apiv2][body] GET https://serviceusage.googleapis.com/v1/projects/community-notification-system/services/cloudresourcemanager.googleapis.com [omitted]
[debug] [2025-11-04T14:10:26.239Z] Unable to check that https://cloudresourcemanager.googleapis.com is enabled on community-notification-system. Calls to it will fail if it is not enabled
[debug] [2025-11-04T14:10:26.239Z] Checked if tokens are valid: true, expires at: 1762269021278
[debug] [2025-11-04T14:10:26.239Z] Checked if tokens are valid: true, expires at: 1762269021278
[debug] [2025-11-04T14:10:26.239Z] >>> [apiv2][query] GET https://cloudresourcemanager.googleapis.com/v1/projects/community-notification-system [none]
[debug] [2025-11-04T14:10:26.649Z] <<< [apiv2][status] GET https://cloudresourcemanager.googleapis.com/v1/projects/community-notification-system 403
[debug] [2025-11-04T14:10:26.649Z] <<< [apiv2][body] GET https://cloudresourcemanager.googleapis.com/v1/projects/community-notification-system {"error":{"code":403,"message":"The caller does not have permission","status":"PERMISSION_DENIED"}}
[debug] [2025-11-04T14:10:26.654Z] Checked if tokens are valid: true, expires at: 1762269021278
[debug] [2025-11-04T14:10:26.654Z] Checked if tokens are valid: true, expires at: 1762269021278
[debug] [2025-11-04T14:10:26.654Z] >>> [apiv2][query] POST https://cloudresourcemanager.googleapis.com/v1/projects [none]
[debug] [2025-11-04T14:10:26.654Z] >>> [apiv2][body] POST https://cloudresourcemanager.googleapis.com/v1/projects {"projectId":"community-notification-system","name":"community-notification-system"}
[debug] [2025-11-04T14:10:27.195Z] <<< [apiv2][status] POST https://cloudresourcemanager.googleapis.com/v1/projects 200
[debug] [2025-11-04T14:10:27.195Z] <<< [apiv2][body] POST https://cloudresourcemanager.googleapis.com/v1/projects {"name":"operations/create_project.global.6298696539232063789"}
[debug] [2025-11-04T14:10:27.195Z] Checked if tokens are valid: true, expires at: 1762269021278
[debug] [2025-11-04T14:10:27.195Z] Checked if tokens are valid: true, expires at: 1762269021278
[debug] [2025-11-04T14:10:27.196Z] >>> [apiv2][query] GET https://cloudresourcemanager.googleapis.com/v1/operations/create_project.global.6298696539232063789 [none]
[debug] [2025-11-04T14:10:28.150Z] <<< [apiv2][status] GET https://cloudresourcemanager.googleapis.com/v1/operations/create_project.global.6298696539232063789 200
[debug] [2025-11-04T14:10:28.150Z] <<< [apiv2][body] GET https://cloudresourcemanager.googleapis.com/v1/operations/create_project.global.6298696539232063789 {"name":"operations/create_project.global.6298696539232063789"}
[debug] [2025-11-04T14:10:28.651Z] [Project Creation Poller] Retrying task index 0
[debug] [2025-11-04T14:10:28.651Z] Checked if tokens are valid: true, expires at: 1762269021278
[debug] [2025-11-04T14:10:28.651Z] Checked if tokens are valid: true, expires at: 1762269021278
[debug] [2025-11-04T14:10:28.651Z] >>> [apiv2][query] GET https://cloudresourcemanager.googleapis.com/v1/operations/create_project.global.6298696539232063789 [none]
[debug] [2025-11-04T14:10:28.905Z] <<< [apiv2][status] GET https://cloudresourcemanager.googleapis.com/v1/operations/create_project.global.6298696539232063789 200
[debug] [2025-11-04T14:10:28.905Z] <<< [apiv2][body] GET https://cloudresourcemanager.googleapis.com/v1/operations/create_project.global.6298696539232063789 {"name":"operations/create_project.global.6298696539232063789","metadata":{"@type":"type.googleapis.com/google.cloudresourcemanager.v1.ProjectCreationStatus","gettable":true,"ready":true},"done":true,"response":{"@type":"type.googleapis.com/google.cloudresourcemanager.v1.Project","projectNumber":"430965936185","projectId":"community-notification-system","lifecycleState":"ACTIVE","name":"community-notification-system","createTime":"2025-11-04T14:10:27.962416Z"}}
[debug] [2025-11-04T14:10:28.906Z] Checked if tokens are valid: true, expires at: 1762269021278
[debug] [2025-11-04T14:10:28.906Z] Checked if tokens are valid: true, expires at: 1762269021278
[debug] [2025-11-04T14:10:28.906Z] >>> [apiv2][query] POST https://firebase.googleapis.com/v1beta1/projects/community-notification-system:addFirebase [none]
[debug] [2025-11-04T14:10:32.526Z] <<< [apiv2][status] POST https://firebase.googleapis.com/v1beta1/projects/community-notification-system:addFirebase 200
[debug] [2025-11-04T14:10:32.526Z] <<< [apiv2][body] POST https://firebase.googleapis.com/v1beta1/projects/community-notification-system:addFirebase {"name":"operations/workflows/NzkyZTViYjctZDJhMS00NDkxLWJjNTgtMTM5ZTM5MTMwN2Jh"}
[debug] [2025-11-04T14:10:32.526Z] Checked if tokens are valid: true, expires at: 1762269021278
[debug] [2025-11-04T14:10:32.526Z] Checked if tokens are valid: true, expires at: 1762269021278
[debug] [2025-11-04T14:10:32.526Z] >>> [apiv2][query] GET https://firebase.googleapis.com/v1beta1/operations/workflows/NzkyZTViYjctZDJhMS00NDkxLWJjNTgtMTM5ZTM5MTMwN2Jh [none]
[debug] [2025-11-04T14:10:36.283Z] <<< [apiv2][status] GET https://firebase.googleapis.com/v1beta1/operations/workflows/NzkyZTViYjctZDJhMS00NDkxLWJjNTgtMTM5ZTM5MTMwN2Jh 200
[debug] [2025-11-04T14:10:36.283Z] <<< [apiv2][body] GET https://firebase.googleapis.com/v1beta1/operations/workflows/NzkyZTViYjctZDJhMS00NDkxLWJjNTgtMTM5ZTM5MTMwN2Jh {"name":"operations/workflows/NzkyZTViYjctZDJhMS00NDkxLWJjNTgtMTM5ZTM5MTMwN2Jh"}
[debug] [2025-11-04T14:10:36.785Z] [Add Firebase Poller] Retrying task index 0
[debug] [2025-11-04T14:10:36.785Z] Checked if tokens are valid: true, expires at: 1762269021278
[debug] [2025-11-04T14:10:36.785Z] Checked if tokens are valid: true, expires at: 1762269021278
[debug] [2025-11-04T14:10:36.785Z] >>> [apiv2][query] GET https://firebase.googleapis.com/v1beta1/operations/workflows/NzkyZTViYjctZDJhMS00NDkxLWJjNTgtMTM5ZTM5MTMwN2Jh [none]
[debug] [2025-11-04T14:10:37.363Z] <<< [apiv2][status] GET https://firebase.googleapis.com/v1beta1/operations/workflows/NzkyZTViYjctZDJhMS00NDkxLWJjNTgtMTM5ZTM5MTMwN2Jh 200
[debug] [2025-11-04T14:10:37.363Z] <<< [apiv2][body] GET https://firebase.googleapis.com/v1beta1/operations/workflows/NzkyZTViYjctZDJhMS00NDkxLWJjNTgtMTM5ZTM5MTMwN2Jh {"name":"operations/workflows/NzkyZTViYjctZDJhMS00NDkxLWJjNTgtMTM5ZTM5MTMwN2Jh"}
[debug] [2025-11-04T14:10:38.363Z] [Add Firebase Poller] Retrying task index 0
[debug] [2025-11-04T14:10:38.364Z] Checked if tokens are valid: true, expires at: 1762269021278
[debug] [2025-11-04T14:10:38.364Z] Checked if tokens are valid: true, expires at: 1762269021278
[debug] [2025-11-04T14:10:38.364Z] >>> [apiv2][query] GET https://firebase.googleapis.com/v1beta1/operations/workflows/NzkyZTViYjctZDJhMS00NDkxLWJjNTgtMTM5ZTM5MTMwN2Jh [none]
[debug] [2025-11-04T14:10:39.186Z] <<< [apiv2][status] GET https://firebase.googleapis.com/v1beta1/operations/workflows/NzkyZTViYjctZDJhMS00NDkxLWJjNTgtMTM5ZTM5MTMwN2Jh 200
[debug] [2025-11-04T14:10:39.186Z] <<< [apiv2][body] GET https://firebase.googleapis.com/v1beta1/operations/workflows/NzkyZTViYjctZDJhMS00NDkxLWJjNTgtMTM5ZTM5MTMwN2Jh {"name":"operations/workflows/NzkyZTViYjctZDJhMS00NDkxLWJjNTgtMTM5ZTM5MTMwN2Jh"}
[debug] [2025-11-04T14:10:41.187Z] [Add Firebase Poller] Retrying task index 0
[debug] [2025-11-04T14:10:41.188Z] Checked if tokens are valid: true, expires at: 1762269021278
[debug] [2025-11-04T14:10:41.188Z] Checked if tokens are valid: true, expires at: 1762269021278
[debug] [2025-11-04T14:10:41.188Z] >>> [apiv2][query] GET https://firebase.googleapis.com/v1beta1/operations/workflows/NzkyZTViYjctZDJhMS00NDkxLWJjNTgtMTM5ZTM5MTMwN2Jh [none]
[debug] [2025-11-04T14:10:42.019Z] <<< [apiv2][status] GET https://firebase.googleapis.com/v1beta1/operations/workflows/NzkyZTViYjctZDJhMS00NDkxLWJjNTgtMTM5ZTM5MTMwN2Jh 200
[debug] [2025-11-04T14:10:42.019Z] <<< [apiv2][body] GET https://firebase.googleapis.com/v1beta1/operations/workflows/NzkyZTViYjctZDJhMS00NDkxLWJjNTgtMTM5ZTM5MTMwN2Jh {"name":"operations/workflows/NzkyZTViYjctZDJhMS00NDkxLWJjNTgtMTM5ZTM5MTMwN2Jh"}
[debug] [2025-11-04T14:10:46.043Z] [Add Firebase Poller] Retrying task index 0
[debug] [2025-11-04T14:10:46.049Z] Checked if tokens are valid: true, expires at: 1762269021278
[debug] [2025-11-04T14:10:46.049Z] Checked if tokens are valid: true, expires at: 1762269021278
[debug] [2025-11-04T14:10:46.049Z] >>> [apiv2][query] GET https://firebase.googleapis.com/v1beta1/operations/workflows/NzkyZTViYjctZDJhMS00NDkxLWJjNTgtMTM5ZTM5MTMwN2Jh [none]
[debug] [2025-11-04T14:10:46.939Z] <<< [apiv2][status] GET https://firebase.googleapis.com/v1beta1/operations/workflows/NzkyZTViYjctZDJhMS00NDkxLWJjNTgtMTM5ZTM5MTMwN2Jh 200
[debug] [2025-11-04T14:10:46.939Z] <<< [apiv2][body] GET https://firebase.googleapis.com/v1beta1/operations/workflows/NzkyZTViYjctZDJhMS00NDkxLWJjNTgtMTM5ZTM5MTMwN2Jh {"name":"operations/workflows/NzkyZTViYjctZDJhMS00NDkxLWJjNTgtMTM5ZTM5MTMwN2Jh","done":true,"response":{"@type":"type.googleapis.com/google.firebase.service.v1beta1.FirebaseProject","projectId":"community-notification-system","projectNumber":"430965936185","displayName":"community-notification-system","name":"projects/community-notification-system","resources":{"hostingSite":"community-notification-system"}}}
[info] 
[info] 🎉🎉🎉 Your Firebase project is ready! 🎉🎉🎉
[info] 
[info] Project information:
[info]    - Project ID: community-notification-system
[info]    - Project Name: community-notification-system
[info] 
[info] Firebase console is available at
[info] https://console.firebase.google.com/project/community-notification-system/overview
